2025-07-03 21:10:29,603 INFO: 
                ____                _       _____  ____
               / __ ) ____ _ _____ (_)_____/ ___/ / __ \
              / __  |/ __ `// ___// // ___/\__ \ / /_/ /
             / /_/ // /_/ /(__  )/ // /__ ___/ // _, _/
            /_____/ \__,_//____//_/ \___//____//_/ |_|
     ______                   __   __                 __      __
    / ____/____   ____   ____/ /  / /   __  __ _____ / /__   / /
   / / __ / __ \ / __ \ / __  /  / /   / / / // ___// //_/  / /
  / /_/ // /_/ // /_/ // /_/ /  / /___/ /_/ // /__ / /<    /_/
  \____/ \____/ \____/ \____/  /_____/\____/ \___//_/|_|  (_)
    
Version Information: 
	BasicSR: 1.2.0+df766d5
	PyTorch: 2.7.1+cu118
	TorchVision: 0.22.1+cu118
2025-07-03 21:10:29,604 INFO: 
  name: Deblurring_Restormer
  model_type: ImageCleanModel
  scale: 1
  num_gpu: 1
  manual_seed: 100
  datasets:[
    train:[
      name: TrainSet
      type: Dataset_PairedImage
      dataroot_gt: ./Motion_Deblurring/Datasets/train/GoPro/target_crops
      dataroot_lq: ./Motion_Deblurring/Datasets/train/GoPro/input_crops
      geometric_augs: True
      filename_tmpl: {}
      io_backend:[
        type: disk
      ]
      use_shuffle: True
      num_worker_per_gpu: 8
      batch_size_per_gpu: 1
      mini_batch_sizes: [1]
      iters: [300000]
      gt_size: 96
      gt_sizes: [96]
      dataset_enlarge_ratio: 1
      prefetch_mode: None
      phase: train
      scale: 1
    ]
    val:[
      name: ValSet
      type: Dataset_PairedImage
      dataroot_gt: ./Motion_Deblurring/Datasets/val/GoPro/target_crops
      dataroot_lq: ./Motion_Deblurring/Datasets/val/GoPro/input_crops
      io_backend:[
        type: disk
      ]
      phase: val
      scale: 1
    ]
  ]
  network_g:[
    type: Restormer
    inp_channels: 3
    out_channels: 3
    dim: 48
    num_blocks: [4, 6, 6, 8]
    num_refinement_blocks: 4
    heads: [1, 2, 4, 8]
    ffn_expansion_factor: 2.66
    bias: False
    LayerNorm_type: WithBias
    dual_pixel_task: False
  ]
  path:[
    pretrain_network_g: None
    strict_load_g: True
    resume_state: None
    root: d:\intel\restormer
    experiments_root: d:\intel\restormer\experiments\Deblurring_Restormer
    models: d:\intel\restormer\experiments\Deblurring_Restormer\models
    training_states: d:\intel\restormer\experiments\Deblurring_Restormer\training_states
    log: d:\intel\restormer\experiments\Deblurring_Restormer
    visualization: d:\intel\restormer\experiments\Deblurring_Restormer\visualization
  ]
  train:[
    total_iter: 300000
    warmup_iter: -1
    use_grad_clip: True
    scheduler:[
      type: CosineAnnealingRestartCyclicLR
      periods: [92000, 208000]
      restart_weights: [1, 1]
      eta_mins: [0.0003, 1e-06]
    ]
    mixing_augs:[
      mixup: False
      mixup_beta: 1.2
      use_identity: True
    ]
    optim_g:[
      type: AdamW
      lr: 0.0003
      weight_decay: 0.0001
      betas: [0.9, 0.999]
    ]
    pixel_opt:[
      type: L1Loss
      loss_weight: 1
      reduction: mean
    ]
  ]
  val:[
    window_size: 8
    val_freq: 4000.0
    save_img: False
    rgb2bgr: True
    use_image: True
    max_minibatch: 8
    metrics:[
      psnr:[
        type: calculate_psnr
        crop_border: 0
        test_y_channel: False
      ]
    ]
  ]
  logger:[
    print_freq: 1000
    save_checkpoint_freq: 4000.0
    use_tb_logger: True
    wandb:[
      project: None
      resume_id: None
    ]
  ]
  dist_params:[
    backend: nccl
    port: 29500
  ]
  is_train: True
  dist: False
  rank: 0
  world_size: 1

2025-07-03 21:10:38,866 INFO: Dataset Dataset_PairedImage - TrainSet is created.
2025-07-03 21:10:38,867 INFO: Training statistics:
	Number of train images: 16824
	Dataset enlarge ratio: 1
	Batch size per gpu: 1
	World size (gpu number): 1
	Require iter number per epoch: 16824
	Total epochs: 18; iters: 300000.
2025-07-03 21:10:38,926 INFO: Dataset Dataset_PairedImage - ValSet is created.
2025-07-03 21:10:38,927 INFO: Number of val images/folders in ValSet: 1111
2025-07-03 21:10:40,968 INFO: Network: Restormer, with parameters: 26,126,644
2025-07-03 21:10:40,968 INFO: Restormer(
  (patch_embed): OverlapPatchEmbed(
    (proj): Conv2d(3, 48, kernel_size=(3, 3), stride=(1, 1), padding=(1, 1), bias=False)
  )
  (encoder_level1): Sequential(
    (0): TransformerBlock(
      (norm1): LayerNorm(
        (body): WithBias_LayerNorm()
      )
      (attn): Attention(
        (qkv): Conv2d(48, 144, kernel_size=(1, 1), stride=(1, 1), bias=False)
        (qkv_dwconv): Conv2d(144, 144, kernel_size=(3, 3), stride=(1, 1), padding=(1, 1), groups=144, bias=False)
        (project_out): Conv2d(48, 48, kernel_size=(1, 1), stride=(1, 1), bias=False)
      )
      (norm2): LayerNorm(
        (body): WithBias_LayerNorm()
      )
      (ffn): FeedForward(
        (project_in): Conv2d(48, 254, kernel_size=(1, 1), stride=(1, 1), bias=False)
        (dwconv): Conv2d(254, 254, kernel_size=(3, 3), stride=(1, 1), padding=(1, 1), groups=254, bias=False)
        (project_out): Conv2d(127, 48, kernel_size=(1, 1), stride=(1, 1), bias=False)
      )
    )
    (1): TransformerBlock(
      (norm1): LayerNorm(
        (body): WithBias_LayerNorm()
      )
      (attn): Attention(
        (qkv): Conv2d(48, 144, kernel_size=(1, 1), stride=(1, 1), bias=False)
        (qkv_dwconv): Conv2d(144, 144, kernel_size=(3, 3), stride=(1, 1), padding=(1, 1), groups=144, bias=False)
        (project_out): Conv2d(48, 48, kernel_size=(1, 1), stride=(1, 1), bias=False)
      )
      (norm2): LayerNorm(
        (body): WithBias_LayerNorm()
      )
      (ffn): FeedForward(
        (project_in): Conv2d(48, 254, kernel_size=(1, 1), stride=(1, 1), bias=False)
        (dwconv): Conv2d(254, 254, kernel_size=(3, 3), stride=(1, 1), padding=(1, 1), groups=254, bias=False)
        (project_out): Conv2d(127, 48, kernel_size=(1, 1), stride=(1, 1), bias=False)
      )
    )
    (2): TransformerBlock(
      (norm1): LayerNorm(
        (body): WithBias_LayerNorm()
      )
      (attn): Attention(
        (qkv): Conv2d(48, 144, kernel_size=(1, 1), stride=(1, 1), bias=False)
        (qkv_dwconv): Conv2d(144, 144, kernel_size=(3, 3), stride=(1, 1), padding=(1, 1), groups=144, bias=False)
        (project_out): Conv2d(48, 48, kernel_size=(1, 1), stride=(1, 1), bias=False)
      )
      (norm2): LayerNorm(
        (body): WithBias_LayerNorm()
      )
      (ffn): FeedForward(
        (project_in): Conv2d(48, 254, kernel_size=(1, 1), stride=(1, 1), bias=False)
        (dwconv): Conv2d(254, 254, kernel_size=(3, 3), stride=(1, 1), padding=(1, 1), groups=254, bias=False)
        (project_out): Conv2d(127, 48, kernel_size=(1, 1), stride=(1, 1), bias=False)
      )
    )
    (3): TransformerBlock(
      (norm1): LayerNorm(
        (body): WithBias_LayerNorm()
      )
      (attn): Attention(
        (qkv): Conv2d(48, 144, kernel_size=(1, 1), stride=(1, 1), bias=False)
        (qkv_dwconv): Conv2d(144, 144, kernel_size=(3, 3), stride=(1, 1), padding=(1, 1), groups=144, bias=False)
        (project_out): Conv2d(48, 48, kernel_size=(1, 1), stride=(1, 1), bias=False)
      )
      (norm2): LayerNorm(
        (body): WithBias_LayerNorm()
      )
      (ffn): FeedForward(
        (project_in): Conv2d(48, 254, kernel_size=(1, 1), stride=(1, 1), bias=False)
        (dwconv): Conv2d(254, 254, kernel_size=(3, 3), stride=(1, 1), padding=(1, 1), groups=254, bias=False)
        (project_out): Conv2d(127, 48, kernel_size=(1, 1), stride=(1, 1), bias=False)
      )
    )
  )
  (down1_2): Downsample(
    (body): Sequential(
      (0): Conv2d(48, 24, kernel_size=(3, 3), stride=(1, 1), padding=(1, 1), bias=False)
      (1): PixelUnshuffle(downscale_factor=2)
    )
  )
  (encoder_level2): Sequential(
    (0): TransformerBlock(
      (norm1): LayerNorm(
        (body): WithBias_LayerNorm()
      )
      (attn): Attention(
        (qkv): Conv2d(96, 288, kernel_size=(1, 1), stride=(1, 1), bias=False)
        (qkv_dwconv): Conv2d(288, 288, kernel_size=(3, 3), stride=(1, 1), padding=(1, 1), groups=288, bias=False)
        (project_out): Conv2d(96, 96, kernel_size=(1, 1), stride=(1, 1), bias=False)
      )
      (norm2): LayerNorm(
        (body): WithBias_LayerNorm()
      )
      (ffn): FeedForward(
        (project_in): Conv2d(96, 510, kernel_size=(1, 1), stride=(1, 1), bias=False)
        (dwconv): Conv2d(510, 510, kernel_size=(3, 3), stride=(1, 1), padding=(1, 1), groups=510, bias=False)
        (project_out): Conv2d(255, 96, kernel_size=(1, 1), stride=(1, 1), bias=False)
      )
    )
    (1): TransformerBlock(
      (norm1): LayerNorm(
        (body): WithBias_LayerNorm()
      )
      (attn): Attention(
        (qkv): Conv2d(96, 288, kernel_size=(1, 1), stride=(1, 1), bias=False)
        (qkv_dwconv): Conv2d(288, 288, kernel_size=(3, 3), stride=(1, 1), padding=(1, 1), groups=288, bias=False)
        (project_out): Conv2d(96, 96, kernel_size=(1, 1), stride=(1, 1), bias=False)
      )
      (norm2): LayerNorm(
        (body): WithBias_LayerNorm()
      )
      (ffn): FeedForward(
        (project_in): Conv2d(96, 510, kernel_size=(1, 1), stride=(1, 1), bias=False)
        (dwconv): Conv2d(510, 510, kernel_size=(3, 3), stride=(1, 1), padding=(1, 1), groups=510, bias=False)
        (project_out): Conv2d(255, 96, kernel_size=(1, 1), stride=(1, 1), bias=False)
      )
    )
    (2): TransformerBlock(
      (norm1): LayerNorm(
        (body): WithBias_LayerNorm()
      )
      (attn): Attention(
        (qkv): Conv2d(96, 288, kernel_size=(1, 1), stride=(1, 1), bias=False)
        (qkv_dwconv): Conv2d(288, 288, kernel_size=(3, 3), stride=(1, 1), padding=(1, 1), groups=288, bias=False)
        (project_out): Conv2d(96, 96, kernel_size=(1, 1), stride=(1, 1), bias=False)
      )
      (norm2): LayerNorm(
        (body): WithBias_LayerNorm()
      )
      (ffn): FeedForward(
        (project_in): Conv2d(96, 510, kernel_size=(1, 1), stride=(1, 1), bias=False)
        (dwconv): Conv2d(510, 510, kernel_size=(3, 3), stride=(1, 1), padding=(1, 1), groups=510, bias=False)
        (project_out): Conv2d(255, 96, kernel_size=(1, 1), stride=(1, 1), bias=False)
      )
    )
    (3): TransformerBlock(
      (norm1): LayerNorm(
        (body): WithBias_LayerNorm()
      )
      (attn): Attention(
        (qkv): Conv2d(96, 288, kernel_size=(1, 1), stride=(1, 1), bias=False)
        (qkv_dwconv): Conv2d(288, 288, kernel_size=(3, 3), stride=(1, 1), padding=(1, 1), groups=288, bias=False)
        (project_out): Conv2d(96, 96, kernel_size=(1, 1), stride=(1, 1), bias=False)
      )
      (norm2): LayerNorm(
        (body): WithBias_LayerNorm()
      )
      (ffn): FeedForward(
        (project_in): Conv2d(96, 510, kernel_size=(1, 1), stride=(1, 1), bias=False)
        (dwconv): Conv2d(510, 510, kernel_size=(3, 3), stride=(1, 1), padding=(1, 1), groups=510, bias=False)
        (project_out): Conv2d(255, 96, kernel_size=(1, 1), stride=(1, 1), bias=False)
      )
    )
    (4): TransformerBlock(
      (norm1): LayerNorm(
        (body): WithBias_LayerNorm()
      )
      (attn): Attention(
        (qkv): Conv2d(96, 288, kernel_size=(1, 1), stride=(1, 1), bias=False)
        (qkv_dwconv): Conv2d(288, 288, kernel_size=(3, 3), stride=(1, 1), padding=(1, 1), groups=288, bias=False)
        (project_out): Conv2d(96, 96, kernel_size=(1, 1), stride=(1, 1), bias=False)
      )
      (norm2): LayerNorm(
        (body): WithBias_LayerNorm()
      )
      (ffn): FeedForward(
        (project_in): Conv2d(96, 510, kernel_size=(1, 1), stride=(1, 1), bias=False)
        (dwconv): Conv2d(510, 510, kernel_size=(3, 3), stride=(1, 1), padding=(1, 1), groups=510, bias=False)
        (project_out): Conv2d(255, 96, kernel_size=(1, 1), stride=(1, 1), bias=False)
      )
    )
    (5): TransformerBlock(
      (norm1): LayerNorm(
        (body): WithBias_LayerNorm()
      )
      (attn): Attention(
        (qkv): Conv2d(96, 288, kernel_size=(1, 1), stride=(1, 1), bias=False)
        (qkv_dwconv): Conv2d(288, 288, kernel_size=(3, 3), stride=(1, 1), padding=(1, 1), groups=288, bias=False)
        (project_out): Conv2d(96, 96, kernel_size=(1, 1), stride=(1, 1), bias=False)
      )
      (norm2): LayerNorm(
        (body): WithBias_LayerNorm()
      )
      (ffn): FeedForward(
        (project_in): Conv2d(96, 510, kernel_size=(1, 1), stride=(1, 1), bias=False)
        (dwconv): Conv2d(510, 510, kernel_size=(3, 3), stride=(1, 1), padding=(1, 1), groups=510, bias=False)
        (project_out): Conv2d(255, 96, kernel_size=(1, 1), stride=(1, 1), bias=False)
      )
    )
  )
  (down2_3): Downsample(
    (body): Sequential(
      (0): Conv2d(96, 48, kernel_size=(3, 3), stride=(1, 1), padding=(1, 1), bias=False)
      (1): PixelUnshuffle(downscale_factor=2)
    )
  )
  (encoder_level3): Sequential(
    (0): TransformerBlock(
      (norm1): LayerNorm(
        (body): WithBias_LayerNorm()
      )
      (attn): Attention(
        (qkv): Conv2d(192, 576, kernel_size=(1, 1), stride=(1, 1), bias=False)
        (qkv_dwconv): Conv2d(576, 576, kernel_size=(3, 3), stride=(1, 1), padding=(1, 1), groups=576, bias=False)
        (project_out): Conv2d(192, 192, kernel_size=(1, 1), stride=(1, 1), bias=False)
      )
      (norm2): LayerNorm(
        (body): WithBias_LayerNorm()
      )
      (ffn): FeedForward(
        (project_in): Conv2d(192, 1020, kernel_size=(1, 1), stride=(1, 1), bias=False)
        (dwconv): Conv2d(1020, 1020, kernel_size=(3, 3), stride=(1, 1), padding=(1, 1), groups=1020, bias=False)
        (project_out): Conv2d(510, 192, kernel_size=(1, 1), stride=(1, 1), bias=False)
      )
    )
    (1): TransformerBlock(
      (norm1): LayerNorm(
        (body): WithBias_LayerNorm()
      )
      (attn): Attention(
        (qkv): Conv2d(192, 576, kernel_size=(1, 1), stride=(1, 1), bias=False)
        (qkv_dwconv): Conv2d(576, 576, kernel_size=(3, 3), stride=(1, 1), padding=(1, 1), groups=576, bias=False)
        (project_out): Conv2d(192, 192, kernel_size=(1, 1), stride=(1, 1), bias=False)
      )
      (norm2): LayerNorm(
        (body): WithBias_LayerNorm()
      )
      (ffn): FeedForward(
        (project_in): Conv2d(192, 1020, kernel_size=(1, 1), stride=(1, 1), bias=False)
        (dwconv): Conv2d(1020, 1020, kernel_size=(3, 3), stride=(1, 1), padding=(1, 1), groups=1020, bias=False)
        (project_out): Conv2d(510, 192, kernel_size=(1, 1), stride=(1, 1), bias=False)
      )
    )
    (2): TransformerBlock(
      (norm1): LayerNorm(
        (body): WithBias_LayerNorm()
      )
      (attn): Attention(
        (qkv): Conv2d(192, 576, kernel_size=(1, 1), stride=(1, 1), bias=False)
        (qkv_dwconv): Conv2d(576, 576, kernel_size=(3, 3), stride=(1, 1), padding=(1, 1), groups=576, bias=False)
        (project_out): Conv2d(192, 192, kernel_size=(1, 1), stride=(1, 1), bias=False)
      )
      (norm2): LayerNorm(
        (body): WithBias_LayerNorm()
      )
      (ffn): FeedForward(
        (project_in): Conv2d(192, 1020, kernel_size=(1, 1), stride=(1, 1), bias=False)
        (dwconv): Conv2d(1020, 1020, kernel_size=(3, 3), stride=(1, 1), padding=(1, 1), groups=1020, bias=False)
        (project_out): Conv2d(510, 192, kernel_size=(1, 1), stride=(1, 1), bias=False)
      )
    )
    (3): TransformerBlock(
      (norm1): LayerNorm(
        (body): WithBias_LayerNorm()
      )
      (attn): Attention(
        (qkv): Conv2d(192, 576, kernel_size=(1, 1), stride=(1, 1), bias=False)
        (qkv_dwconv): Conv2d(576, 576, kernel_size=(3, 3), stride=(1, 1), padding=(1, 1), groups=576, bias=False)
        (project_out): Conv2d(192, 192, kernel_size=(1, 1), stride=(1, 1), bias=False)
      )
      (norm2): LayerNorm(
        (body): WithBias_LayerNorm()
      )
      (ffn): FeedForward(
        (project_in): Conv2d(192, 1020, kernel_size=(1, 1), stride=(1, 1), bias=False)
        (dwconv): Conv2d(1020, 1020, kernel_size=(3, 3), stride=(1, 1), padding=(1, 1), groups=1020, bias=False)
        (project_out): Conv2d(510, 192, kernel_size=(1, 1), stride=(1, 1), bias=False)
      )
    )
    (4): TransformerBlock(
      (norm1): LayerNorm(
        (body): WithBias_LayerNorm()
      )
      (attn): Attention(
        (qkv): Conv2d(192, 576, kernel_size=(1, 1), stride=(1, 1), bias=False)
        (qkv_dwconv): Conv2d(576, 576, kernel_size=(3, 3), stride=(1, 1), padding=(1, 1), groups=576, bias=False)
        (project_out): Conv2d(192, 192, kernel_size=(1, 1), stride=(1, 1), bias=False)
      )
      (norm2): LayerNorm(
        (body): WithBias_LayerNorm()
      )
      (ffn): FeedForward(
        (project_in): Conv2d(192, 1020, kernel_size=(1, 1), stride=(1, 1), bias=False)
        (dwconv): Conv2d(1020, 1020, kernel_size=(3, 3), stride=(1, 1), padding=(1, 1), groups=1020, bias=False)
        (project_out): Conv2d(510, 192, kernel_size=(1, 1), stride=(1, 1), bias=False)
      )
    )
    (5): TransformerBlock(
      (norm1): LayerNorm(
        (body): WithBias_LayerNorm()
      )
      (attn): Attention(
        (qkv): Conv2d(192, 576, kernel_size=(1, 1), stride=(1, 1), bias=False)
        (qkv_dwconv): Conv2d(576, 576, kernel_size=(3, 3), stride=(1, 1), padding=(1, 1), groups=576, bias=False)
        (project_out): Conv2d(192, 192, kernel_size=(1, 1), stride=(1, 1), bias=False)
      )
      (norm2): LayerNorm(
        (body): WithBias_LayerNorm()
      )
      (ffn): FeedForward(
        (project_in): Conv2d(192, 1020, kernel_size=(1, 1), stride=(1, 1), bias=False)
        (dwconv): Conv2d(1020, 1020, kernel_size=(3, 3), stride=(1, 1), padding=(1, 1), groups=1020, bias=False)
        (project_out): Conv2d(510, 192, kernel_size=(1, 1), stride=(1, 1), bias=False)
      )
    )
  )
  (down3_4): Downsample(
    (body): Sequential(
      (0): Conv2d(192, 96, kernel_size=(3, 3), stride=(1, 1), padding=(1, 1), bias=False)
      (1): PixelUnshuffle(downscale_factor=2)
    )
  )
  (latent): Sequential(
    (0): TransformerBlock(
      (norm1): LayerNorm(
        (body): WithBias_LayerNorm()
      )
      (attn): Attention(
        (qkv): Conv2d(384, 1152, kernel_size=(1, 1), stride=(1, 1), bias=False)
        (qkv_dwconv): Conv2d(1152, 1152, kernel_size=(3, 3), stride=(1, 1), padding=(1, 1), groups=1152, bias=False)
        (project_out): Conv2d(384, 384, kernel_size=(1, 1), stride=(1, 1), bias=False)
      )
      (norm2): LayerNorm(
        (body): WithBias_LayerNorm()
      )
      (ffn): FeedForward(
        (project_in): Conv2d(384, 2042, kernel_size=(1, 1), stride=(1, 1), bias=False)
        (dwconv): Conv2d(2042, 2042, kernel_size=(3, 3), stride=(1, 1), padding=(1, 1), groups=2042, bias=False)
        (project_out): Conv2d(1021, 384, kernel_size=(1, 1), stride=(1, 1), bias=False)
      )
    )
    (1): TransformerBlock(
      (norm1): LayerNorm(
        (body): WithBias_LayerNorm()
      )
      (attn): Attention(
        (qkv): Conv2d(384, 1152, kernel_size=(1, 1), stride=(1, 1), bias=False)
        (qkv_dwconv): Conv2d(1152, 1152, kernel_size=(3, 3), stride=(1, 1), padding=(1, 1), groups=1152, bias=False)
        (project_out): Conv2d(384, 384, kernel_size=(1, 1), stride=(1, 1), bias=False)
      )
      (norm2): LayerNorm(
        (body): WithBias_LayerNorm()
      )
      (ffn): FeedForward(
        (project_in): Conv2d(384, 2042, kernel_size=(1, 1), stride=(1, 1), bias=False)
        (dwconv): Conv2d(2042, 2042, kernel_size=(3, 3), stride=(1, 1), padding=(1, 1), groups=2042, bias=False)
        (project_out): Conv2d(1021, 384, kernel_size=(1, 1), stride=(1, 1), bias=False)
      )
    )
    (2): TransformerBlock(
      (norm1): LayerNorm(
        (body): WithBias_LayerNorm()
      )
      (attn): Attention(
        (qkv): Conv2d(384, 1152, kernel_size=(1, 1), stride=(1, 1), bias=False)
        (qkv_dwconv): Conv2d(1152, 1152, kernel_size=(3, 3), stride=(1, 1), padding=(1, 1), groups=1152, bias=False)
        (project_out): Conv2d(384, 384, kernel_size=(1, 1), stride=(1, 1), bias=False)
      )
      (norm2): LayerNorm(
        (body): WithBias_LayerNorm()
      )
      (ffn): FeedForward(
        (project_in): Conv2d(384, 2042, kernel_size=(1, 1), stride=(1, 1), bias=False)
        (dwconv): Conv2d(2042, 2042, kernel_size=(3, 3), stride=(1, 1), padding=(1, 1), groups=2042, bias=False)
        (project_out): Conv2d(1021, 384, kernel_size=(1, 1), stride=(1, 1), bias=False)
      )
    )
    (3): TransformerBlock(
      (norm1): LayerNorm(
        (body): WithBias_LayerNorm()
      )
      (attn): Attention(
        (qkv): Conv2d(384, 1152, kernel_size=(1, 1), stride=(1, 1), bias=False)
        (qkv_dwconv): Conv2d(1152, 1152, kernel_size=(3, 3), stride=(1, 1), padding=(1, 1), groups=1152, bias=False)
        (project_out): Conv2d(384, 384, kernel_size=(1, 1), stride=(1, 1), bias=False)
      )
      (norm2): LayerNorm(
        (body): WithBias_LayerNorm()
      )
      (ffn): FeedForward(
        (project_in): Conv2d(384, 2042, kernel_size=(1, 1), stride=(1, 1), bias=False)
        (dwconv): Conv2d(2042, 2042, kernel_size=(3, 3), stride=(1, 1), padding=(1, 1), groups=2042, bias=False)
        (project_out): Conv2d(1021, 384, kernel_size=(1, 1), stride=(1, 1), bias=False)
      )
    )
    (4): TransformerBlock(
      (norm1): LayerNorm(
        (body): WithBias_LayerNorm()
      )
      (attn): Attention(
        (qkv): Conv2d(384, 1152, kernel_size=(1, 1), stride=(1, 1), bias=False)
        (qkv_dwconv): Conv2d(1152, 1152, kernel_size=(3, 3), stride=(1, 1), padding=(1, 1), groups=1152, bias=False)
        (project_out): Conv2d(384, 384, kernel_size=(1, 1), stride=(1, 1), bias=False)
      )
      (norm2): LayerNorm(
        (body): WithBias_LayerNorm()
      )
      (ffn): FeedForward(
        (project_in): Conv2d(384, 2042, kernel_size=(1, 1), stride=(1, 1), bias=False)
        (dwconv): Conv2d(2042, 2042, kernel_size=(3, 3), stride=(1, 1), padding=(1, 1), groups=2042, bias=False)
        (project_out): Conv2d(1021, 384, kernel_size=(1, 1), stride=(1, 1), bias=False)
      )
    )
    (5): TransformerBlock(
      (norm1): LayerNorm(
        (body): WithBias_LayerNorm()
      )
      (attn): Attention(
        (qkv): Conv2d(384, 1152, kernel_size=(1, 1), stride=(1, 1), bias=False)
        (qkv_dwconv): Conv2d(1152, 1152, kernel_size=(3, 3), stride=(1, 1), padding=(1, 1), groups=1152, bias=False)
        (project_out): Conv2d(384, 384, kernel_size=(1, 1), stride=(1, 1), bias=False)
      )
      (norm2): LayerNorm(
        (body): WithBias_LayerNorm()
      )
      (ffn): FeedForward(
        (project_in): Conv2d(384, 2042, kernel_size=(1, 1), stride=(1, 1), bias=False)
        (dwconv): Conv2d(2042, 2042, kernel_size=(3, 3), stride=(1, 1), padding=(1, 1), groups=2042, bias=False)
        (project_out): Conv2d(1021, 384, kernel_size=(1, 1), stride=(1, 1), bias=False)
      )
    )
    (6): TransformerBlock(
      (norm1): LayerNorm(
        (body): WithBias_LayerNorm()
      )
      (attn): Attention(
        (qkv): Conv2d(384, 1152, kernel_size=(1, 1), stride=(1, 1), bias=False)
        (qkv_dwconv): Conv2d(1152, 1152, kernel_size=(3, 3), stride=(1, 1), padding=(1, 1), groups=1152, bias=False)
        (project_out): Conv2d(384, 384, kernel_size=(1, 1), stride=(1, 1), bias=False)
      )
      (norm2): LayerNorm(
        (body): WithBias_LayerNorm()
      )
      (ffn): FeedForward(
        (project_in): Conv2d(384, 2042, kernel_size=(1, 1), stride=(1, 1), bias=False)
        (dwconv): Conv2d(2042, 2042, kernel_size=(3, 3), stride=(1, 1), padding=(1, 1), groups=2042, bias=False)
        (project_out): Conv2d(1021, 384, kernel_size=(1, 1), stride=(1, 1), bias=False)
      )
    )
    (7): TransformerBlock(
      (norm1): LayerNorm(
        (body): WithBias_LayerNorm()
      )
      (attn): Attention(
        (qkv): Conv2d(384, 1152, kernel_size=(1, 1), stride=(1, 1), bias=False)
        (qkv_dwconv): Conv2d(1152, 1152, kernel_size=(3, 3), stride=(1, 1), padding=(1, 1), groups=1152, bias=False)
        (project_out): Conv2d(384, 384, kernel_size=(1, 1), stride=(1, 1), bias=False)
      )
      (norm2): LayerNorm(
        (body): WithBias_LayerNorm()
      )
      (ffn): FeedForward(
        (project_in): Conv2d(384, 2042, kernel_size=(1, 1), stride=(1, 1), bias=False)
        (dwconv): Conv2d(2042, 2042, kernel_size=(3, 3), stride=(1, 1), padding=(1, 1), groups=2042, bias=False)
        (project_out): Conv2d(1021, 384, kernel_size=(1, 1), stride=(1, 1), bias=False)
      )
    )
  )
  (up4_3): Upsample(
    (body): Sequential(
      (0): Conv2d(384, 768, kernel_size=(3, 3), stride=(1, 1), padding=(1, 1), bias=False)
      (1): PixelShuffle(upscale_factor=2)
    )
  )
  (reduce_chan_level3): Conv2d(384, 192, kernel_size=(1, 1), stride=(1, 1), bias=False)
  (decoder_level3): Sequential(
    (0): TransformerBlock(
      (norm1): LayerNorm(
        (body): WithBias_LayerNorm()
      )
      (attn): Attention(
        (qkv): Conv2d(192, 576, kernel_size=(1, 1), stride=(1, 1), bias=False)
        (qkv_dwconv): Conv2d(576, 576, kernel_size=(3, 3), stride=(1, 1), padding=(1, 1), groups=576, bias=False)
        (project_out): Conv2d(192, 192, kernel_size=(1, 1), stride=(1, 1), bias=False)
      )
      (norm2): LayerNorm(
        (body): WithBias_LayerNorm()
      )
      (ffn): FeedForward(
        (project_in): Conv2d(192, 1020, kernel_size=(1, 1), stride=(1, 1), bias=False)
        (dwconv): Conv2d(1020, 1020, kernel_size=(3, 3), stride=(1, 1), padding=(1, 1), groups=1020, bias=False)
        (project_out): Conv2d(510, 192, kernel_size=(1, 1), stride=(1, 1), bias=False)
      )
    )
    (1): TransformerBlock(
      (norm1): LayerNorm(
        (body): WithBias_LayerNorm()
      )
      (attn): Attention(
        (qkv): Conv2d(192, 576, kernel_size=(1, 1), stride=(1, 1), bias=False)
        (qkv_dwconv): Conv2d(576, 576, kernel_size=(3, 3), stride=(1, 1), padding=(1, 1), groups=576, bias=False)
        (project_out): Conv2d(192, 192, kernel_size=(1, 1), stride=(1, 1), bias=False)
      )
      (norm2): LayerNorm(
        (body): WithBias_LayerNorm()
      )
      (ffn): FeedForward(
        (project_in): Conv2d(192, 1020, kernel_size=(1, 1), stride=(1, 1), bias=False)
        (dwconv): Conv2d(1020, 1020, kernel_size=(3, 3), stride=(1, 1), padding=(1, 1), groups=1020, bias=False)
        (project_out): Conv2d(510, 192, kernel_size=(1, 1), stride=(1, 1), bias=False)
      )
    )
    (2): TransformerBlock(
      (norm1): LayerNorm(
        (body): WithBias_LayerNorm()
      )
      (attn): Attention(
        (qkv): Conv2d(192, 576, kernel_size=(1, 1), stride=(1, 1), bias=False)
        (qkv_dwconv): Conv2d(576, 576, kernel_size=(3, 3), stride=(1, 1), padding=(1, 1), groups=576, bias=False)
        (project_out): Conv2d(192, 192, kernel_size=(1, 1), stride=(1, 1), bias=False)
      )
      (norm2): LayerNorm(
        (body): WithBias_LayerNorm()
      )
      (ffn): FeedForward(
        (project_in): Conv2d(192, 1020, kernel_size=(1, 1), stride=(1, 1), bias=False)
        (dwconv): Conv2d(1020, 1020, kernel_size=(3, 3), stride=(1, 1), padding=(1, 1), groups=1020, bias=False)
        (project_out): Conv2d(510, 192, kernel_size=(1, 1), stride=(1, 1), bias=False)
      )
    )
    (3): TransformerBlock(
      (norm1): LayerNorm(
        (body): WithBias_LayerNorm()
      )
      (attn): Attention(
        (qkv): Conv2d(192, 576, kernel_size=(1, 1), stride=(1, 1), bias=False)
        (qkv_dwconv): Conv2d(576, 576, kernel_size=(3, 3), stride=(1, 1), padding=(1, 1), groups=576, bias=False)
        (project_out): Conv2d(192, 192, kernel_size=(1, 1), stride=(1, 1), bias=False)
      )
      (norm2): LayerNorm(
        (body): WithBias_LayerNorm()
      )
      (ffn): FeedForward(
        (project_in): Conv2d(192, 1020, kernel_size=(1, 1), stride=(1, 1), bias=False)
        (dwconv): Conv2d(1020, 1020, kernel_size=(3, 3), stride=(1, 1), padding=(1, 1), groups=1020, bias=False)
        (project_out): Conv2d(510, 192, kernel_size=(1, 1), stride=(1, 1), bias=False)
      )
    )
    (4): TransformerBlock(
      (norm1): LayerNorm(
        (body): WithBias_LayerNorm()
      )
      (attn): Attention(
        (qkv): Conv2d(192, 576, kernel_size=(1, 1), stride=(1, 1), bias=False)
        (qkv_dwconv): Conv2d(576, 576, kernel_size=(3, 3), stride=(1, 1), padding=(1, 1), groups=576, bias=False)
        (project_out): Conv2d(192, 192, kernel_size=(1, 1), stride=(1, 1), bias=False)
      )
      (norm2): LayerNorm(
        (body): WithBias_LayerNorm()
      )
      (ffn): FeedForward(
        (project_in): Conv2d(192, 1020, kernel_size=(1, 1), stride=(1, 1), bias=False)
        (dwconv): Conv2d(1020, 1020, kernel_size=(3, 3), stride=(1, 1), padding=(1, 1), groups=1020, bias=False)
        (project_out): Conv2d(510, 192, kernel_size=(1, 1), stride=(1, 1), bias=False)
      )
    )
    (5): TransformerBlock(
      (norm1): LayerNorm(
        (body): WithBias_LayerNorm()
      )
      (attn): Attention(
        (qkv): Conv2d(192, 576, kernel_size=(1, 1), stride=(1, 1), bias=False)
        (qkv_dwconv): Conv2d(576, 576, kernel_size=(3, 3), stride=(1, 1), padding=(1, 1), groups=576, bias=False)
        (project_out): Conv2d(192, 192, kernel_size=(1, 1), stride=(1, 1), bias=False)
      )
      (norm2): LayerNorm(
        (body): WithBias_LayerNorm()
      )
      (ffn): FeedForward(
        (project_in): Conv2d(192, 1020, kernel_size=(1, 1), stride=(1, 1), bias=False)
        (dwconv): Conv2d(1020, 1020, kernel_size=(3, 3), stride=(1, 1), padding=(1, 1), groups=1020, bias=False)
        (project_out): Conv2d(510, 192, kernel_size=(1, 1), stride=(1, 1), bias=False)
      )
    )
  )
  (up3_2): Upsample(
    (body): Sequential(
      (0): Conv2d(192, 384, kernel_size=(3, 3), stride=(1, 1), padding=(1, 1), bias=False)
      (1): PixelShuffle(upscale_factor=2)
    )
  )
  (reduce_chan_level2): Conv2d(192, 96, kernel_size=(1, 1), stride=(1, 1), bias=False)
  (decoder_level2): Sequential(
    (0): TransformerBlock(
      (norm1): LayerNorm(
        (body): WithBias_LayerNorm()
      )
      (attn): Attention(
        (qkv): Conv2d(96, 288, kernel_size=(1, 1), stride=(1, 1), bias=False)
        (qkv_dwconv): Conv2d(288, 288, kernel_size=(3, 3), stride=(1, 1), padding=(1, 1), groups=288, bias=False)
        (project_out): Conv2d(96, 96, kernel_size=(1, 1), stride=(1, 1), bias=False)
      )
      (norm2): LayerNorm(
        (body): WithBias_LayerNorm()
      )
      (ffn): FeedForward(
        (project_in): Conv2d(96, 510, kernel_size=(1, 1), stride=(1, 1), bias=False)
        (dwconv): Conv2d(510, 510, kernel_size=(3, 3), stride=(1, 1), padding=(1, 1), groups=510, bias=False)
        (project_out): Conv2d(255, 96, kernel_size=(1, 1), stride=(1, 1), bias=False)
      )
    )
    (1): TransformerBlock(
      (norm1): LayerNorm(
        (body): WithBias_LayerNorm()
      )
      (attn): Attention(
        (qkv): Conv2d(96, 288, kernel_size=(1, 1), stride=(1, 1), bias=False)
        (qkv_dwconv): Conv2d(288, 288, kernel_size=(3, 3), stride=(1, 1), padding=(1, 1), groups=288, bias=False)
        (project_out): Conv2d(96, 96, kernel_size=(1, 1), stride=(1, 1), bias=False)
      )
      (norm2): LayerNorm(
        (body): WithBias_LayerNorm()
      )
      (ffn): FeedForward(
        (project_in): Conv2d(96, 510, kernel_size=(1, 1), stride=(1, 1), bias=False)
        (dwconv): Conv2d(510, 510, kernel_size=(3, 3), stride=(1, 1), padding=(1, 1), groups=510, bias=False)
        (project_out): Conv2d(255, 96, kernel_size=(1, 1), stride=(1, 1), bias=False)
      )
    )
    (2): TransformerBlock(
      (norm1): LayerNorm(
        (body): WithBias_LayerNorm()
      )
      (attn): Attention(
        (qkv): Conv2d(96, 288, kernel_size=(1, 1), stride=(1, 1), bias=False)
        (qkv_dwconv): Conv2d(288, 288, kernel_size=(3, 3), stride=(1, 1), padding=(1, 1), groups=288, bias=False)
        (project_out): Conv2d(96, 96, kernel_size=(1, 1), stride=(1, 1), bias=False)
      )
      (norm2): LayerNorm(
        (body): WithBias_LayerNorm()
      )
      (ffn): FeedForward(
        (project_in): Conv2d(96, 510, kernel_size=(1, 1), stride=(1, 1), bias=False)
        (dwconv): Conv2d(510, 510, kernel_size=(3, 3), stride=(1, 1), padding=(1, 1), groups=510, bias=False)
        (project_out): Conv2d(255, 96, kernel_size=(1, 1), stride=(1, 1), bias=False)
      )
    )
    (3): TransformerBlock(
      (norm1): LayerNorm(
        (body): WithBias_LayerNorm()
      )
      (attn): Attention(
        (qkv): Conv2d(96, 288, kernel_size=(1, 1), stride=(1, 1), bias=False)
        (qkv_dwconv): Conv2d(288, 288, kernel_size=(3, 3), stride=(1, 1), padding=(1, 1), groups=288, bias=False)
        (project_out): Conv2d(96, 96, kernel_size=(1, 1), stride=(1, 1), bias=False)
      )
      (norm2): LayerNorm(
        (body): WithBias_LayerNorm()
      )
      (ffn): FeedForward(
        (project_in): Conv2d(96, 510, kernel_size=(1, 1), stride=(1, 1), bias=False)
        (dwconv): Conv2d(510, 510, kernel_size=(3, 3), stride=(1, 1), padding=(1, 1), groups=510, bias=False)
        (project_out): Conv2d(255, 96, kernel_size=(1, 1), stride=(1, 1), bias=False)
      )
    )
    (4): TransformerBlock(
      (norm1): LayerNorm(
        (body): WithBias_LayerNorm()
      )
      (attn): Attention(
        (qkv): Conv2d(96, 288, kernel_size=(1, 1), stride=(1, 1), bias=False)
        (qkv_dwconv): Conv2d(288, 288, kernel_size=(3, 3), stride=(1, 1), padding=(1, 1), groups=288, bias=False)
        (project_out): Conv2d(96, 96, kernel_size=(1, 1), stride=(1, 1), bias=False)
      )
      (norm2): LayerNorm(
        (body): WithBias_LayerNorm()
      )
      (ffn): FeedForward(
        (project_in): Conv2d(96, 510, kernel_size=(1, 1), stride=(1, 1), bias=False)
        (dwconv): Conv2d(510, 510, kernel_size=(3, 3), stride=(1, 1), padding=(1, 1), groups=510, bias=False)
        (project_out): Conv2d(255, 96, kernel_size=(1, 1), stride=(1, 1), bias=False)
      )
    )
    (5): TransformerBlock(
      (norm1): LayerNorm(
        (body): WithBias_LayerNorm()
      )
      (attn): Attention(
        (qkv): Conv2d(96, 288, kernel_size=(1, 1), stride=(1, 1), bias=False)
        (qkv_dwconv): Conv2d(288, 288, kernel_size=(3, 3), stride=(1, 1), padding=(1, 1), groups=288, bias=False)
        (project_out): Conv2d(96, 96, kernel_size=(1, 1), stride=(1, 1), bias=False)
      )
      (norm2): LayerNorm(
        (body): WithBias_LayerNorm()
      )
      (ffn): FeedForward(
        (project_in): Conv2d(96, 510, kernel_size=(1, 1), stride=(1, 1), bias=False)
        (dwconv): Conv2d(510, 510, kernel_size=(3, 3), stride=(1, 1), padding=(1, 1), groups=510, bias=False)
        (project_out): Conv2d(255, 96, kernel_size=(1, 1), stride=(1, 1), bias=False)
      )
    )
  )
  (up2_1): Upsample(
    (body): Sequential(
      (0): Conv2d(96, 192, kernel_size=(3, 3), stride=(1, 1), padding=(1, 1), bias=False)
      (1): PixelShuffle(upscale_factor=2)
    )
  )
  (decoder_level1): Sequential(
    (0): TransformerBlock(
      (norm1): LayerNorm(
        (body): WithBias_LayerNorm()
      )
      (attn): Attention(
        (qkv): Conv2d(96, 288, kernel_size=(1, 1), stride=(1, 1), bias=False)
        (qkv_dwconv): Conv2d(288, 288, kernel_size=(3, 3), stride=(1, 1), padding=(1, 1), groups=288, bias=False)
        (project_out): Conv2d(96, 96, kernel_size=(1, 1), stride=(1, 1), bias=False)
      )
      (norm2): LayerNorm(
        (body): WithBias_LayerNorm()
      )
      (ffn): FeedForward(
        (project_in): Conv2d(96, 510, kernel_size=(1, 1), stride=(1, 1), bias=False)
        (dwconv): Conv2d(510, 510, kernel_size=(3, 3), stride=(1, 1), padding=(1, 1), groups=510, bias=False)
        (project_out): Conv2d(255, 96, kernel_size=(1, 1), stride=(1, 1), bias=False)
      )
    )
    (1): TransformerBlock(
      (norm1): LayerNorm(
        (body): WithBias_LayerNorm()
      )
      (attn): Attention(
        (qkv): Conv2d(96, 288, kernel_size=(1, 1), stride=(1, 1), bias=False)
        (qkv_dwconv): Conv2d(288, 288, kernel_size=(3, 3), stride=(1, 1), padding=(1, 1), groups=288, bias=False)
        (project_out): Conv2d(96, 96, kernel_size=(1, 1), stride=(1, 1), bias=False)
      )
      (norm2): LayerNorm(
        (body): WithBias_LayerNorm()
      )
      (ffn): FeedForward(
        (project_in): Conv2d(96, 510, kernel_size=(1, 1), stride=(1, 1), bias=False)
        (dwconv): Conv2d(510, 510, kernel_size=(3, 3), stride=(1, 1), padding=(1, 1), groups=510, bias=False)
        (project_out): Conv2d(255, 96, kernel_size=(1, 1), stride=(1, 1), bias=False)
      )
    )
    (2): TransformerBlock(
      (norm1): LayerNorm(
        (body): WithBias_LayerNorm()
      )
      (attn): Attention(
        (qkv): Conv2d(96, 288, kernel_size=(1, 1), stride=(1, 1), bias=False)
        (qkv_dwconv): Conv2d(288, 288, kernel_size=(3, 3), stride=(1, 1), padding=(1, 1), groups=288, bias=False)
        (project_out): Conv2d(96, 96, kernel_size=(1, 1), stride=(1, 1), bias=False)
      )
      (norm2): LayerNorm(
        (body): WithBias_LayerNorm()
      )
      (ffn): FeedForward(
        (project_in): Conv2d(96, 510, kernel_size=(1, 1), stride=(1, 1), bias=False)
        (dwconv): Conv2d(510, 510, kernel_size=(3, 3), stride=(1, 1), padding=(1, 1), groups=510, bias=False)
        (project_out): Conv2d(255, 96, kernel_size=(1, 1), stride=(1, 1), bias=False)
      )
    )
    (3): TransformerBlock(
      (norm1): LayerNorm(
        (body): WithBias_LayerNorm()
      )
      (attn): Attention(
        (qkv): Conv2d(96, 288, kernel_size=(1, 1), stride=(1, 1), bias=False)
        (qkv_dwconv): Conv2d(288, 288, kernel_size=(3, 3), stride=(1, 1), padding=(1, 1), groups=288, bias=False)
        (project_out): Conv2d(96, 96, kernel_size=(1, 1), stride=(1, 1), bias=False)
      )
      (norm2): LayerNorm(
        (body): WithBias_LayerNorm()
      )
      (ffn): FeedForward(
        (project_in): Conv2d(96, 510, kernel_size=(1, 1), stride=(1, 1), bias=False)
        (dwconv): Conv2d(510, 510, kernel_size=(3, 3), stride=(1, 1), padding=(1, 1), groups=510, bias=False)
        (project_out): Conv2d(255, 96, kernel_size=(1, 1), stride=(1, 1), bias=False)
      )
    )
  )
  (refinement): Sequential(
    (0): TransformerBlock(
      (norm1): LayerNorm(
        (body): WithBias_LayerNorm()
      )
      (attn): Attention(
        (qkv): Conv2d(96, 288, kernel_size=(1, 1), stride=(1, 1), bias=False)
        (qkv_dwconv): Conv2d(288, 288, kernel_size=(3, 3), stride=(1, 1), padding=(1, 1), groups=288, bias=False)
        (project_out): Conv2d(96, 96, kernel_size=(1, 1), stride=(1, 1), bias=False)
      )
      (norm2): LayerNorm(
        (body): WithBias_LayerNorm()
      )
      (ffn): FeedForward(
        (project_in): Conv2d(96, 510, kernel_size=(1, 1), stride=(1, 1), bias=False)
        (dwconv): Conv2d(510, 510, kernel_size=(3, 3), stride=(1, 1), padding=(1, 1), groups=510, bias=False)
        (project_out): Conv2d(255, 96, kernel_size=(1, 1), stride=(1, 1), bias=False)
      )
    )
    (1): TransformerBlock(
      (norm1): LayerNorm(
        (body): WithBias_LayerNorm()
      )
      (attn): Attention(
        (qkv): Conv2d(96, 288, kernel_size=(1, 1), stride=(1, 1), bias=False)
        (qkv_dwconv): Conv2d(288, 288, kernel_size=(3, 3), stride=(1, 1), padding=(1, 1), groups=288, bias=False)
        (project_out): Conv2d(96, 96, kernel_size=(1, 1), stride=(1, 1), bias=False)
      )
      (norm2): LayerNorm(
        (body): WithBias_LayerNorm()
      )
      (ffn): FeedForward(
        (project_in): Conv2d(96, 510, kernel_size=(1, 1), stride=(1, 1), bias=False)
        (dwconv): Conv2d(510, 510, kernel_size=(3, 3), stride=(1, 1), padding=(1, 1), groups=510, bias=False)
        (project_out): Conv2d(255, 96, kernel_size=(1, 1), stride=(1, 1), bias=False)
      )
    )
    (2): TransformerBlock(
      (norm1): LayerNorm(
        (body): WithBias_LayerNorm()
      )
      (attn): Attention(
        (qkv): Conv2d(96, 288, kernel_size=(1, 1), stride=(1, 1), bias=False)
        (qkv_dwconv): Conv2d(288, 288, kernel_size=(3, 3), stride=(1, 1), padding=(1, 1), groups=288, bias=False)
        (project_out): Conv2d(96, 96, kernel_size=(1, 1), stride=(1, 1), bias=False)
      )
      (norm2): LayerNorm(
        (body): WithBias_LayerNorm()
      )
      (ffn): FeedForward(
        (project_in): Conv2d(96, 510, kernel_size=(1, 1), stride=(1, 1), bias=False)
        (dwconv): Conv2d(510, 510, kernel_size=(3, 3), stride=(1, 1), padding=(1, 1), groups=510, bias=False)
        (project_out): Conv2d(255, 96, kernel_size=(1, 1), stride=(1, 1), bias=False)
      )
    )
    (3): TransformerBlock(
      (norm1): LayerNorm(
        (body): WithBias_LayerNorm()
      )
      (attn): Attention(
        (qkv): Conv2d(96, 288, kernel_size=(1, 1), stride=(1, 1), bias=False)
        (qkv_dwconv): Conv2d(288, 288, kernel_size=(3, 3), stride=(1, 1), padding=(1, 1), groups=288, bias=False)
        (project_out): Conv2d(96, 96, kernel_size=(1, 1), stride=(1, 1), bias=False)
      )
      (norm2): LayerNorm(
        (body): WithBias_LayerNorm()
      )
      (ffn): FeedForward(
        (project_in): Conv2d(96, 510, kernel_size=(1, 1), stride=(1, 1), bias=False)
        (dwconv): Conv2d(510, 510, kernel_size=(3, 3), stride=(1, 1), padding=(1, 1), groups=510, bias=False)
        (project_out): Conv2d(255, 96, kernel_size=(1, 1), stride=(1, 1), bias=False)
      )
    )
  )
  (output): Conv2d(96, 3, kernel_size=(3, 3), stride=(1, 1), padding=(1, 1), bias=False)
)
2025-07-03 21:10:40,978 INFO: Model [ImageCleanModel] is created.
2025-07-03 21:11:31,658 INFO: Start training from epoch: 0, iter: 0
2025-07-03 21:12:14,081 INFO: 
 Updating Patch_Size to 96 and Batch_Size to 1 

2025-07-03 21:19:22,471 INFO: [Deblu..][epoch:  0, iter:   1,000, lr:(3.000e-04,)] [eta: 1 day, 19:16:09, time (data): 0.471 (0.001)] l_pix: 9.0996e-03 
2025-07-03 21:26:21,274 INFO: [Deblu..][epoch:  0, iter:   2,000, lr:(3.000e-04,)] [eta: 1 day, 14:53:53, time (data): 0.401 (0.001)] l_pix: 2.6427e-02 
2025-07-03 21:33:05,313 INFO: [Deblu..][epoch:  0, iter:   3,000, lr:(3.000e-04,)] [eta: 1 day, 12:57:24, time (data): 0.443 (0.001)] l_pix: 1.7947e-02 
2025-07-03 21:40:23,725 INFO: [Deblu..][epoch:  0, iter:   4,000, lr:(3.000e-04,)] [eta: 1 day, 12:38:09, time (data): 0.395 (0.000)] l_pix: 4.0417e-02 
2025-07-03 21:40:23,726 INFO: Saving models and training states.
2025-07-03 21:52:13,177 INFO: Validation ValSet,		 # psnr: 25.7140
2025-07-03 21:59:55,332 INFO: [Deblu..][epoch:  0, iter:   5,000, lr:(3.000e-04,)] [eta: 2 days, 0:24:31, time (data): 0.364 (0.000)] l_pix: 2.5901e-02 
2025-07-03 22:06:05,350 INFO: [Deblu..][epoch:  0, iter:   6,000, lr:(3.000e-04,)] [eta: 1 day, 21:14:26, time (data): 0.389 (0.001)] l_pix: 7.4845e-02 
2025-07-03 22:12:22,953 INFO: [Deblu..][epoch:  0, iter:   7,000, lr:(3.000e-04,)] [eta: 1 day, 19:02:11, time (data): 0.364 (0.001)] l_pix: 3.1839e-02 
2025-07-03 22:19:21,802 INFO: [Deblu..][epoch:  0, iter:   8,000, lr:(3.000e-04,)] [eta: 1 day, 17:46:30, time (data): 0.386 (0.001)] l_pix: 1.6703e-02 
2025-07-03 22:19:21,803 INFO: Saving models and training states.
2025-07-03 22:30:28,334 INFO: Validation ValSet,		 # psnr: 25.7341
2025-07-03 22:36:51,782 INFO: [Deblu..][epoch:  0, iter:   9,000, lr:(3.000e-04,)] [eta: 1 day, 22:26:10, time (data): 0.360 (0.001)] l_pix: 6.0659e-03 
2025-07-03 22:43:16,916 INFO: [Deblu..][epoch:  0, iter:  10,000, lr:(3.000e-04,)] [eta: 1 day, 20:45:05, time (data): 0.343 (0.001)] l_pix: 4.3128e-03 
2025-07-03 22:49:34,044 INFO: [Deblu..][epoch:  0, iter:  11,000, lr:(3.000e-04,)] [eta: 1 day, 19:17:43, time (data): 0.399 (0.001)] l_pix: 2.9031e-02 
2025-07-03 22:56:06,580 INFO: [Deblu..][epoch:  0, iter:  12,000, lr:(3.000e-04,)] [eta: 1 day, 18:10:01, time (data): 0.403 (0.001)] l_pix: 1.4258e-02 
2025-07-03 22:56:06,580 INFO: Saving models and training states.
2025-07-03 23:07:18,603 INFO: Validation ValSet,		 # psnr: 26.0713
2025-07-03 23:14:32,008 INFO: [Deblu..][epoch:  0, iter:  13,000, lr:(3.000e-04,)] [eta: 1 day, 21:34:01, time (data): 0.452 (0.001)] l_pix: 7.2099e-02 
2025-07-03 23:22:12,547 INFO: [Deblu..][epoch:  0, iter:  14,000, lr:(3.000e-04,)] [eta: 1 day, 20:46:41, time (data): 0.448 (0.000)] l_pix: 1.8581e-02 
2025-07-03 23:29:53,511 INFO: [Deblu..][epoch:  0, iter:  15,000, lr:(3.000e-04,)] [eta: 1 day, 20:04:46, time (data): 0.459 (0.001)] l_pix: 1.9606e-02 
2025-07-03 23:37:43,176 INFO: [Deblu..][epoch:  0, iter:  16,000, lr:(3.000e-04,)] [eta: 1 day, 19:29:43, time (data): 0.487 (0.001)] l_pix: 6.0737e-03 
2025-07-03 23:37:43,176 INFO: Saving models and training states.
2025-07-03 23:50:09,277 INFO: Validation ValSet,		 # psnr: 26.1855
2025-07-04 00:18:01,953 INFO: [Deblu..][epoch:  1, iter:  17,000, lr:(3.000e-04,)] [eta: 2 days, 3:58:37, time (data): 0.395 (0.000)] l_pix: 7.7077e-03 
2025-07-04 00:23:59,804 INFO: [Deblu..][epoch:  1, iter:  18,000, lr:(3.000e-04,)] [eta: 2 days, 2:28:24, time (data): 0.371 (0.001)] l_pix: 4.3353e-02 
2025-07-04 00:30:15,321 INFO: [Deblu..][epoch:  1, iter:  19,000, lr:(3.000e-04,)] [eta: 2 days, 1:11:24, time (data): 0.364 (0.001)] l_pix: 1.4091e-02 
2025-07-04 00:36:39,803 INFO: [Deblu..][epoch:  1, iter:  20,000, lr:(3.000e-04,)] [eta: 2 days, 0:03:34, time (data): 0.367 (0.001)] l_pix: 1.0081e-02 
2025-07-04 00:36:39,804 INFO: Saving models and training states.
2025-07-04 00:48:19,815 INFO: Validation ValSet,		 # psnr: 26.6303
2025-07-04 00:55:38,787 INFO: [Deblu..][epoch:  1, iter:  21,000, lr:(3.000e-04,)] [eta: 2 days, 1:48:38, time (data): 0.383 (0.000)] l_pix: 2.0765e-02 
2025-07-04 01:02:05,566 INFO: [Deblu..][epoch:  1, iter:  22,000, lr:(3.000e-04,)] [eta: 2 days, 0:44:02, time (data): 0.645 (0.000)] l_pix: 7.7650e-02 
2025-07-04 01:09:59,561 INFO: [Deblu..][epoch:  1, iter:  23,000, lr:(3.000e-04,)] [eta: 2 days, 0:01:59, time (data): 0.980 (0.000)] l_pix: 8.7196e-02 
2025-07-04 01:19:45,468 INFO: [Deblu..][epoch:  1, iter:  24,000, lr:(3.000e-04,)] [eta: 1 day, 23:44:13, time (data): 0.779 (0.001)] l_pix: 4.9549e-03 
2025-07-04 01:19:45,469 INFO: Saving models and training states.
2025-07-04 01:33:09,953 INFO: Validation ValSet,		 # psnr: 26.6510
